<?xml version="1.0" encoding="UTF-8"?>
<testsuite name="com.example.basic_calculator.BasicCalculatorApplicationTests" tests="1" skipped="0" failures="0" errors="0" timestamp="2024-06-21T19:26:49" hostname="C02DG435ML7J" time="0.936">
  <properties/>
  <testcase name="contextLoads()" classname="com.example.basic_calculator.BasicCalculatorApplicationTests" time="0.936"/>
  <system-out><![CDATA[15:26:47.682 [Test worker] INFO org.springframework.test.context.support.AnnotationConfigContextLoaderUtils -- Could not detect default configuration classes for test class [com.example.basic_calculator.BasicCalculatorApplicationTests]: BasicCalculatorApplicationTests does not declare any static, non-private, non-final, nested classes annotated with @Configuration.
15:26:47.767 [Test worker] INFO org.springframework.boot.test.context.SpringBootTestContextBootstrapper -- Found @SpringBootConfiguration com.example.basic_calculator.BasicCalculatorApplication for test class com.example.basic_calculator.BasicCalculatorApplicationTests

  .   ____          _            __ _ _
 /\\ / ___'_ __ _ _(_)_ __  __ _ \ \ \ \
( ( )\___ | '_ | '_| | '_ \/ _` | \ \ \ \
 \\/  ___)| |_)| | | | | || (_| |  ) ) ) )
  '  |____| .__|_| |_|_| |_\__, | / / / /
 =========|_|==============|___/=/_/_/_/

 :: Spring Boot ::                (v3.3.1)

2024-06-21T15:26:48.123-04:00  INFO 29099 --- [basic-calculator] [    Test worker] c.e.b.BasicCalculatorApplicationTests    : Starting BasicCalculatorApplicationTests using Java 21.0.3 with PID 29099 (started by nakirri in /Users/nakirri/Documents/jenkins_test)
2024-06-21T15:26:48.125-04:00  INFO 29099 --- [basic-calculator] [    Test worker] c.e.b.BasicCalculatorApplicationTests    : No active profile set, falling back to 1 default profile: "default"
2024-06-21T15:26:49.259-04:00  INFO 29099 --- [basic-calculator] [    Test worker] c.e.b.BasicCalculatorApplicationTests    : Started BasicCalculatorApplicationTests in 1.378 seconds (process running for 2.444)
]]></system-out>
  <system-err><![CDATA[WARNING: A Java agent has been loaded dynamically (/Users/nakirri/.gradle/caches/modules-2/files-2.1/net.bytebuddy/byte-buddy-agent/1.14.17/e3c251a39dc90badaf71c83427ba46840f219d8d/byte-buddy-agent-1.14.17.jar)
WARNING: If a serviceability tool is in use, please run with -XX:+EnableDynamicAgentLoading to hide this warning
WARNING: If a serviceability tool is not in use, please run with -Djdk.instrument.traceUsage for more information
WARNING: Dynamic loading of agents will be disallowed by default in a future release
]]></system-err>
</testsuite>
