<?xml version="1.0" encoding="UTF-8"?>
<testsuite name="com.example.basic_calculator.BasicCalculatorControllerTest" tests="2" skipped="0" failures="0" errors="0" timestamp="2024-06-21T19:26:47" hostname="C02DG435ML7J" time="0.017">
  <properties/>
  <testcase name="testAdd()" classname="com.example.basic_calculator.BasicCalculatorControllerTest" time="0.015"/>
  <testcase name="testSubtract()" classname="com.example.basic_calculator.BasicCalculatorControllerTest" time="0.0"/>
  <system-out><![CDATA[]]></system-out>
  <system-err><![CDATA[]]></system-err>
</testsuite>
